Help on package torchvision:

NAME
    torchvision

PACKAGE CONTENTS
    _C
    _C_tests
    datasets (package)
    extension
    io (package)
    models (package)
    ops (package)
    transforms (package)
    utils
    version

FUNCTIONS
    get_image_backend()
        Gets the name of the package used to load images
    
    get_video_backend()
    
    set_image_backend(backend)
        Specifies the package used to load images.
        
        Args:
            backend (string): Name of the image backend. one of {'PIL', 'accimage'}.
                The :mod:`accimage` package uses the Intel IPP library. It is
                generally faster than PIL, but does not support as many operations.
    
    set_video_backend(backend)
        Specifies the package used to decode videos.
        
        Args:
            backend (string): Name of the video backend. one of {'pyav', 'video_reader'}.
                The :mod:`pyav` package uses the 3rd party PyAv library. It is a Pythonic
                    binding for the FFmpeg libraries.
                The :mod:`video_reader` package includes a native c++ implementation on
                    top of FFMPEG libraries, and a python API of TorchScript custom operator.
                    It is generally decoding faster than pyav, but perhaps is less robust.

VERSION
    0.4.2

FILE
    /opt/anaconda3/lib/python3.7/site-packages/torchvision/__init__.py


Files already downloaded and verified
Files already downloaded and verified
Model's state_dict:
conv1.0.weight 	 tensor([[[[-1.3267e-02, -3.4846e-01,  2.2581e-01],
          [-2.4996e-01, -6.1489e-02,  3.1688e-01],
          [ 1.4107e-01, -6.6511e-02,  1.3382e-01]],

         [[-1.8792e-02, -4.2566e-01,  2.6708e-01],
          [-3.1523e-01,  1.3518e-01,  2.6290e-01],
          [ 5.2538e-02, -2.0615e-03,  3.6614e-02]],

         [[-8.9719e-02, -3.3128e-01,  1.0332e-01],
          [-1.1212e-01,  1.4662e-01,  1.8106e-01],
          [ 7.7453e-02, -6.8007e-02, -1.1822e-01]]],


        [[[ 3.5394e-01,  7.5905e-02,  3.2328e-01],
          [-1.1395e-01, -3.8077e-01, -5.3285e-02],
          [ 6.1578e-02, -4.0659e-01, -6.9775e-02]],

         [[ 1.2671e-01, -1.6050e-01,  9.3243e-02],
          [-6.4443e-02, -2.2588e-01,  1.7740e-01],
          [ 1.1274e-01, -2.3594e-02, -5.4769e-02]],

         [[-5.0832e-02, -1.9365e-01, -7.9002e-02],
          [ 5.8401e-02, -1.6799e-01, -1.1370e-01],
          [ 3.0029e-01,  2.2507e-01,  1.9564e-01]]],


        [[[-5.1792e-02,  7.1716e-02,  1.4839e-01],
          [-4.7783e-01, -2.6090e-01,  1.3070e-01],
          [-1.8670e-01, -1.0077e-01,  3.1376e-01]],

         [[ 1.8263e-01,  3.0319e-01,  2.8807e-02],
          [-2.0004e-01, -8.4828e-03,  3.3185e-01],
          [ 1.3047e-01, -5.7171e-03,  1.7340e-01]],

         [[-1.3927e-01,  5.9161e-02, -2.0180e-01],
          [-3.9714e-01,  7.0410e-02, -4.3981e-03],
          [-1.9450e-01,  4.9547e-02,  2.3518e-01]]],


        [[[ 4.8629e-03,  1.7258e-01, -1.0891e-01],
          [-2.4286e-02,  3.3992e-01,  3.3378e-01],
          [ 1.7493e-01,  1.8440e-01,  2.6260e-01]],

         [[-2.7205e-01,  4.6102e-02,  6.5860e-02],
          [-1.7676e-01,  1.6422e-01,  2.6538e-01],
          [-4.3153e-01, -3.5581e-01, -1.8436e-01]],

         [[-1.7338e-01,  4.6069e-02,  2.8523e-01],
          [-3.5615e-02, -1.7811e-01,  2.6879e-02],
          [-1.4368e-02, -1.8975e-02,  4.3326e-02]]],


        [[[ 2.8904e-01, -1.3023e-02, -1.8074e-01],
          [ 1.5090e-01, -1.3695e-01, -2.3881e-01],
          [ 2.3263e-01, -1.5878e-01, -1.2764e-01]],

         [[ 2.0796e-01, -6.2361e-02, -1.5689e-01],
          [ 2.1577e-01, -1.9388e-01, -3.8501e-01],
          [ 1.1127e-01, -2.9609e-01, -2.1381e-01]],

         [[ 1.8329e-02, -1.1916e-02,  1.8427e-01],
          [ 1.7231e-01,  1.7541e-01,  2.0322e-01],
          [-9.9342e-02,  1.7418e-02, -5.6048e-02]]],


        [[[-1.5189e-02,  4.4398e-02, -7.3355e-02],
          [-2.2629e-01, -1.5596e-01, -2.4055e-01],
          [-1.7277e-01, -1.5895e-01,  1.0467e-01]],

         [[ 4.8577e-01,  4.8610e-01,  3.0472e-01],
          [ 1.5823e-01,  1.9166e-01, -4.6641e-02],
          [-1.7236e-01, -3.2924e-03, -9.3063e-02]],

         [[-2.4080e-01, -5.6430e-03, -8.3318e-03],
          [-3.5789e-01, -4.3291e-02,  6.8217e-02],
          [-4.7090e-02, -6.5861e-02, -5.3421e-02]]],


        [[[-2.3502e-01, -1.3486e-01, -2.8536e-01],
          [ 6.2968e-02, -6.4166e-02, -1.3446e-01],
          [-1.0282e-01,  3.4010e-02,  1.7288e-01]],

         [[-5.6602e-02, -1.7406e-01, -2.7374e-01],
          [-1.4078e-01,  1.1153e-01, -1.3884e-01],
          [ 7.8249e-02,  3.6941e-01,  2.2372e-01]],

         [[ 1.1164e-01, -9.5735e-02, -4.6636e-02],
          [-1.8556e-01, -2.4027e-02, -1.5389e-01],
          [ 3.3000e-02,  3.5999e-01,  1.7650e-01]]],


        [[[-8.7174e-02, -3.9774e-01,  1.1319e-01],
          [ 4.2887e-04,  3.1099e-01,  3.1838e-01],
          [ 2.2125e-01,  2.1692e-02, -1.8700e-01]],

         [[ 1.0540e-01, -3.1574e-01,  7.6281e-02],
          [ 3.1694e-01,  1.3534e-01,  1.0200e-01],
          [ 2.3667e-01, -4.1269e-02, -2.4094e-01]],

         [[-4.5863e-02, -2.8013e-01, -3.4744e-02],
          [ 2.5056e-01, -1.1340e-02, -1.2098e-01],
          [-1.4191e-01, -2.5639e-01, -1.3082e-01]]],


        [[[-2.0028e-01,  3.4039e-01,  1.6615e-01],
          [-2.3820e-01,  3.1136e-01,  3.7698e-01],
          [-8.3187e-02, -3.8425e-01, -5.9316e-02]],

         [[ 3.3010e-02,  2.3020e-01, -1.3121e-01],
          [ 9.6646e-02,  3.4931e-02,  2.7876e-01],
          [ 2.3360e-01, -5.2925e-01, -3.6111e-01]],

         [[-1.6818e-01,  2.1213e-01, -6.9512e-02],
          [ 1.4263e-01,  1.9670e-01, -4.3525e-02],
          [ 3.1122e-01, -3.9409e-01, -3.0589e-01]]],


        [[[-3.8990e-01, -7.3548e-02, -1.8538e-01],
          [ 2.7692e-01, -1.8250e-01, -1.5602e-01],
          [ 3.6048e-01,  3.2395e-01,  1.8927e-01]],

         [[ 7.2869e-02,  1.2606e-01,  8.8878e-02],
          [ 3.2032e-01, -3.4499e-01, -2.8727e-01],
          [ 1.1451e-01,  1.2683e-01, -2.3322e-01]],

         [[-7.4036e-02,  2.1751e-01,  2.0741e-01],
          [-7.5816e-02, -3.0133e-01,  4.6618e-02],
          [-2.7063e-01, -1.1952e-01,  5.8596e-02]]],


        [[[ 2.5972e-01, -4.1255e-02,  4.5468e-02],
          [ 2.1193e-01, -1.3893e-02,  1.8627e-01],
          [-4.2634e-01, -1.0124e-01,  1.6607e-01]],

         [[-1.3343e-01,  1.1924e-01,  4.9578e-02],
          [ 2.5624e-02, -7.6177e-02,  2.3317e-01],
          [-4.9899e-01, -2.7210e-01, -5.8092e-02]],

         [[ 4.9866e-03,  3.0729e-02, -1.7080e-01],
          [ 2.6026e-01,  1.8529e-01,  3.5060e-01],
          [-3.8170e-01, -4.7634e-02,  1.8060e-01]]],


        [[[-1.1722e-01, -1.2539e-01,  2.5169e-01],
          [ 2.3088e-01, -8.8507e-02, -5.4355e-03],
          [ 3.6290e-01,  1.4391e-01, -3.3094e-01]],

         [[-1.4589e-01, -1.5560e-01,  7.9133e-02],
          [ 1.7230e-01, -1.8130e-01, -2.4882e-01],
          [ 3.1817e-01, -2.5391e-03, -4.5236e-01]],

         [[-1.6308e-01, -1.0074e-02, -4.4556e-02],
          [ 3.2041e-01,  1.3714e-01, -3.3364e-01],
          [ 4.2147e-01,  2.6927e-01, -3.4289e-01]]],


        [[[ 2.0626e-01,  5.1925e-01, -2.2948e-01],
          [-1.2401e-01,  3.4735e-01, -3.8792e-01],
          [ 9.8540e-02, -2.4158e-01, -2.7752e-01]],

         [[-4.9144e-02,  3.8127e-01, -1.2047e-01],
          [-2.7648e-01,  4.7241e-01, -1.6831e-01],
          [-2.0684e-02,  4.3740e-02, -1.2799e-01]],

         [[-3.5479e-01,  3.6941e-01, -1.4848e-01],
          [-2.1439e-02,  4.7865e-01, -1.5241e-01],
          [-1.5970e-01, -7.7170e-02,  5.8628e-02]]],


        [[[ 2.7315e-01,  2.2569e-01,  1.7426e-02],
          [ 2.0925e-01, -9.2306e-02,  2.3477e-01],
          [ 1.5466e-01, -2.3658e-01,  4.2990e-01]],

         [[-8.3160e-02,  9.6055e-02, -3.4686e-01],
          [-2.8562e-01, -3.4492e-01, -3.0875e-01],
          [-1.8790e-01, -5.0823e-01,  3.0389e-01]],

         [[ 5.5840e-02,  1.6890e-01, -4.5582e-02],
          [ 1.1352e-01, -1.5222e-01,  3.5315e-02],
          [-3.9059e-02, -3.1532e-01,  1.9594e-01]]],


        [[[-7.6839e-02,  2.0238e-01,  2.6779e-01],
          [-2.4696e-01,  2.3073e-01, -1.1897e-01],
          [-3.7866e-01, -1.9137e-01,  1.9069e-01]],

         [[-2.7520e-01,  2.7756e-02, -2.3491e-01],
          [ 1.7123e-01,  4.3169e-01, -3.1378e-01],
          [ 8.3635e-02,  1.6780e-02, -1.1458e-01]],

         [[-1.2379e-01, -1.0209e-01, -1.9904e-01],
          [ 3.3800e-01,  5.1049e-01, -2.0709e-01],
          [ 3.2887e-01,  3.0939e-02, -1.1837e-01]]],


        [[[-1.4065e-01,  3.5324e-01, -1.3890e-01],
          [-2.0341e-01,  1.2441e-01, -2.1358e-01],
          [-2.3302e-01,  2.7341e-01,  2.6023e-01]],

         [[-1.8661e-01,  3.7477e-01, -3.8314e-01],
          [-2.4938e-01,  3.1912e-01, -4.0134e-01],
          [-4.7328e-02,  3.9618e-01, -2.9888e-02]],

         [[-1.4067e-02,  3.3737e-01, -1.3015e-01],
          [-4.3421e-01,  1.7505e-01,  6.5746e-02],
          [-3.5373e-01,  2.4410e-01,  2.0729e-01]]]], device='cuda:0')
conv1.0.bias 	 tensor([-0.0091,  0.0210,  0.0518, -0.2351, -0.2423, -0.3351, -0.0958,  0.0753,
         0.1201, -0.0814,  0.0976,  0.0741,  0.1626, -0.1286,  0.0561,  0.1617],
       device='cuda:0')
conv2.0.weight 	 tensor([[[[-7.5838e-02, -4.5844e-02, -4.8643e-02],
          [-2.5177e-01, -2.7306e-01, -5.0662e-02],
          [-5.1803e-01, -4.3851e-01, -2.2596e-01]],

         [[-4.3193e-02, -8.7332e-02,  3.6421e-02],
          [ 7.2073e-03,  1.7427e-02,  1.0959e-01],
          [ 5.7018e-03,  4.4590e-02,  1.9364e-01]],

         [[-4.8754e-01, -2.3028e-01,  3.7302e-02],
          [-6.2759e-01, -6.9560e-01, -1.8281e-01],
          [-6.5363e-01, -5.9520e-01, -2.2010e-01]],

         ...,

         [[-1.7549e-01,  2.9909e-02,  1.6290e-01],
          [-2.7851e-01, -8.8449e-02,  9.9213e-02],
          [-1.9324e-01, -1.2316e-02,  3.2270e-02]],

         [[-1.7536e-01, -1.0497e-01, -1.4698e-01],
          [-2.7550e-02, -2.1277e-01, -3.5588e-01],
          [ 7.8315e-02,  3.0168e-02, -1.4419e-01]],

         [[-9.0052e-02, -2.2898e-02, -3.1629e-02],
          [-1.1511e-01, -2.8338e-01, -1.4486e-01],
          [-1.6640e-01, -1.1875e-01, -1.5662e-01]]],


        [[[ 1.3398e-01, -2.6319e-01,  6.5737e-02],
          [-2.2480e-01, -9.8137e-02,  1.5177e-01],
          [-4.0066e-02,  3.1172e-01, -1.1151e-01]],

         [[-2.7647e-01, -1.6289e-01,  5.2840e-03],
          [-2.3943e-01, -1.2033e-01, -3.2899e-02],
          [-5.6199e-02, -2.2106e-02, -3.7599e-01]],

         [[-2.8650e-01, -2.9435e-01, -5.4479e-02],
          [-8.3612e-02, -1.5329e-01, -1.4873e-02],
          [ 6.3166e-02, -3.1206e-02, -2.2765e-02]],

         ...,

         [[-3.4703e-01,  1.9625e-01, -4.0995e-02],
          [ 3.0451e-01, -9.9392e-03, -2.8267e-01],
          [ 2.2827e-01, -3.1423e-01, -1.3492e-01]],

         [[ 1.0917e-01, -1.6311e-03, -7.0333e-01],
          [ 3.3424e-01, -2.9382e-01, -3.8320e-02],
          [-4.5566e-02, -2.0005e-01, -2.0716e-01]],

         [[ 5.7625e-02, -7.9646e-02,  1.6241e-02],
          [ 1.6767e-01, -1.3722e-01, -3.6698e-02],
          [ 1.7472e-01, -1.2610e-01,  5.5469e-02]]],


        [[[ 1.5696e-02,  6.7863e-02, -2.2900e-03],
          [-1.6140e-01, -1.8946e-01, -1.6607e-01],
          [ 1.8212e-01,  2.5579e-01,  5.3819e-02]],

         [[-1.5106e-01, -2.2467e-01, -4.1384e-01],
          [-7.9578e-02,  3.7542e-03,  1.2621e-01],
          [-1.1185e-03, -5.6300e-02,  5.2147e-02]],

         [[-1.0376e-01, -1.6934e-01, -9.6451e-02],
          [ 6.3707e-02,  1.1254e-01,  2.7046e-02],
          [-4.6808e-02, -1.8659e-01, -1.9605e-01]],

         ...,

         [[-5.6161e-02,  4.1177e-02, -5.0524e-02],
          [ 2.6651e-02,  6.4694e-02,  1.7964e-01],
          [ 9.0164e-04, -5.4998e-02, -5.9475e-02]],

         [[-3.1640e-02, -3.4667e-02,  2.1593e-01],
          [-2.3898e-01, -4.4320e-01, -3.4766e-01],
          [ 1.1237e-01,  2.7890e-01,  3.7752e-01]],

         [[-2.4908e-01, -4.0492e-01, -1.1230e-01],
          [ 1.2331e-01,  1.8071e-01,  1.0806e-01],
          [ 2.5140e-02,  1.6925e-01, -3.7433e-03]]],


        ...,


        [[[ 1.8893e-01, -3.9391e-03, -1.0121e-01],
          [-5.1215e-02, -1.2626e-01,  1.2345e-01],
          [-1.6777e-01,  8.1325e-02, -6.6254e-02]],

         [[ 1.2900e-01, -2.1639e-01, -9.6112e-02],
          [-1.5059e-02,  5.3707e-02,  2.0785e-02],
          [ 1.2039e-02,  1.1149e-01,  2.4435e-01]],

         [[ 7.7194e-02,  1.4385e-01, -2.0235e-01],
          [-1.6265e-01,  1.6542e-01,  1.1649e-01],
          [ 4.8403e-02, -2.6496e-01, -6.5895e-02]],

         ...,

         [[-1.5884e-01,  2.7129e-01, -9.3765e-03],
          [-1.2821e-01,  3.0406e-02, -1.4988e-01],
          [ 2.5967e-01, -3.5776e-01,  7.2300e-02]],

         [[-2.4776e-01,  2.4546e-01, -1.9958e-01],
          [ 2.1433e-01, -1.9446e-01, -1.1829e-01],
          [ 1.8729e-01, -1.1853e-01,  2.1154e-01]],

         [[-2.5471e-01,  1.8350e-01, -4.9287e-02],
          [-5.0470e-02,  1.0226e-01,  1.5938e-01],
          [ 2.0220e-01, -2.9157e-01, -1.4095e-03]]],


        [[[-2.5998e-02,  1.1935e-02, -1.7867e-01],
          [ 3.8173e-02, -4.6779e-02, -3.6120e-02],
          [-2.3254e-01, -4.2012e-01, -4.0673e-01]],

         [[-4.5005e-03, -6.7543e-02,  1.3997e-01],
          [ 1.5672e-01, -1.0019e-01, -1.2283e-01],
          [ 1.6061e-01,  4.8197e-02,  2.3741e-01]],

         [[ 3.4468e-04,  4.8304e-02,  1.3044e-02],
          [-1.5863e-01, -2.3654e-01, -4.4127e-01],
          [ 1.6319e-01,  2.2612e-01,  3.4829e-02]],

         ...,

         [[ 1.1628e-01,  1.5535e-01,  1.3113e-01],
          [ 1.1643e-01,  3.6455e-02,  2.4316e-02],
          [ 2.1402e-01,  7.9688e-02, -1.0929e-01]],

         [[-2.2511e-01, -1.6519e-01, -7.1480e-02],
          [ 1.0690e-01,  2.3262e-01,  2.1495e-01],
          [-2.6254e-02, -5.6607e-03, -2.1752e-01]],

         [[ 8.6021e-02,  3.7594e-02,  1.1569e-01],
          [-2.5093e-01, -1.5155e-01, -3.6533e-01],
          [ 5.4565e-02,  1.9301e-01, -1.8778e-01]]],


        [[[-1.4299e-01, -2.4274e-02,  2.2780e-02],
          [-9.7691e-02,  1.5856e-01, -1.0878e-01],
          [ 1.5897e-01, -2.4344e-02, -1.0888e-01]],

         [[-1.4930e-01, -1.2395e-01,  6.7472e-02],
          [ 8.4135e-02,  1.4323e-01, -5.5471e-02],
          [ 7.4206e-02, -7.8236e-02, -7.0894e-02]],

         [[ 1.4874e-01, -2.3410e-02, -1.7394e-01],
          [ 1.1443e-01,  1.8551e-01,  1.3118e-03],
          [-1.7210e-01,  1.0478e-01,  2.6270e-01]],

         ...,

         [[ 2.7765e-01,  9.8778e-03, -3.1519e-01],
          [-1.6632e-01,  3.3342e-02,  2.4641e-02],
          [-4.8403e-01,  5.9361e-02,  1.0388e-01]],

         [[ 1.4748e-01, -7.2623e-02, -2.3543e-01],
          [-5.0225e-01, -6.8604e-02, -9.2366e-02],
          [ 1.8795e-02, -8.2359e-02, -3.8053e-01]],

         [[ 7.9306e-02,  4.0515e-02, -2.0302e-01],
          [-2.7609e-02,  1.7955e-02, -7.7781e-03],
          [-3.1220e-01, -2.5273e-02,  2.7743e-01]]]], device='cuda:0')
conv2.0.bias 	 tensor([ 0.1154,  0.1970,  0.0193,  0.1153, -0.2261,  0.0233,  0.0643, -0.2772,
         0.1017,  0.0521, -0.0760, -0.4157, -0.0711, -0.0670, -0.0950,  0.0990,
        -0.2389,  0.0476, -0.0116, -0.0437,  0.0550,  0.1545, -0.0337,  0.1719,
         0.1674,  0.1087,  0.1863,  0.2177, -0.2969,  0.0849,  0.0601,  0.2163],
       device='cuda:0')
conv3.0.weight 	 tensor([[[[ 2.7351e-01,  1.1792e-01,  1.5143e-02],
          [ 3.6403e-02,  1.1573e-02, -1.2814e-01],
          [ 1.5082e-02,  5.2544e-02,  9.9017e-02]],

         [[ 4.2005e-02, -4.1410e-02, -6.4895e-02],
          [ 2.1487e-01,  5.2103e-02, -1.9637e-01],
          [ 4.8953e-02,  8.3672e-02,  2.2278e-02]],

         [[-6.6356e-02, -1.0038e-02,  1.0677e-01],
          [ 2.1036e-01,  1.4725e-01, -9.7007e-02],
          [-2.4038e-01, -2.5459e-01, -2.7885e-01]],

         ...,

         [[-3.1593e-02,  2.7213e-03,  4.2059e-02],
          [ 1.3746e-02,  1.0679e-02,  2.8380e-02],
          [ 5.0531e-02, -1.2697e-01, -2.2534e-02]],

         [[ 1.8610e-01,  2.7398e-01,  3.1127e-01],
          [-1.5800e-02,  6.1675e-02, -6.8021e-02],
          [ 1.7577e-02,  6.2319e-02, -1.0693e-02]],

         [[ 2.5314e-01,  2.5731e-01,  2.4479e-01],
          [ 1.1695e-02,  1.9935e-01,  2.3974e-01],
          [ 1.7341e-01,  8.1149e-02,  1.2628e-01]]],


        [[[-2.0375e-01,  2.7682e-01,  3.3259e-01],
          [-3.0022e-01,  1.8702e-01,  3.4520e-01],
          [-2.4674e-01,  1.6342e-02,  2.2237e-01]],

         [[-1.3186e-01,  2.0701e-01, -7.5663e-02],
          [-1.8947e-01,  1.8114e-01, -4.1309e-02],
          [-1.7645e-01, -1.2751e-01,  7.4405e-02]],

         [[ 1.3786e-01,  3.7858e-01,  1.4916e-01],
          [ 1.2115e-02,  1.5122e-01,  2.0147e-01],
          [-1.4346e-01, -1.7908e-01,  3.0826e-02]],

         ...,

         [[-3.3501e-01, -6.2489e-02,  6.5053e-02],
          [-2.9970e-01, -3.6303e-01,  1.6678e-02],
          [-2.5727e-01, -3.5790e-01, -1.6335e-01]],

         [[-6.2250e-02, -3.2856e-02,  5.6915e-02],
          [-1.0367e-01, -1.8507e-01, -8.7244e-02],
          [-2.6397e-01, -2.3431e-01,  8.5366e-02]],

         [[-1.3937e-01, -3.2271e-01,  2.7153e-02],
          [-3.0152e-01, -2.0713e-01, -1.8366e-01],
          [-1.2048e-01, -9.5842e-02, -1.1765e-01]]],


        [[[-1.4766e-01, -1.8350e-01, -4.0163e-02],
          [-1.0605e-01, -4.2510e-02,  7.2452e-02],
          [ 2.4539e-02, -3.8739e-02, -3.0849e-01]],

         [[-1.8481e-01, -2.7288e-01, -1.7173e-01],
          [-1.4508e-01, -2.3655e-01,  1.0397e-01],
          [ 1.2848e-01, -2.2540e-01, -1.1070e-02]],

         [[ 2.6477e-01,  2.9505e-01, -5.6414e-04],
          [ 1.6872e-01,  9.0062e-03, -2.9823e-01],
          [-1.1284e-01, -2.3687e-01, -4.4622e-01]],

         ...,

         [[ 2.5845e-01,  2.8290e-01, -5.5887e-02],
          [ 2.2064e-01,  3.7443e-01,  3.3865e-01],
          [-3.1195e-02,  1.7788e-01,  1.4795e-01]],

         [[ 9.9953e-02,  2.3762e-01,  9.7766e-02],
          [ 2.3862e-01,  2.2785e-01,  2.4232e-02],
          [ 3.7602e-02, -9.3186e-02, -2.6882e-01]],

         [[ 1.0646e-01, -1.6967e-01, -1.8634e-01],
          [-2.1127e-02,  2.4039e-02, -1.4555e-01],
          [-2.4282e-01, -2.8230e-01, -1.1298e-01]]],


        ...,


        [[[-2.1209e-02, -4.8505e-02, -2.3755e-01],
          [ 8.4169e-02,  5.9578e-02,  4.9961e-03],
          [ 2.3880e-01,  1.8903e-01, -8.9833e-03]],

         [[-1.1585e-01,  2.7236e-02,  6.1331e-02],
          [ 1.3971e-01,  2.2356e-02,  9.3479e-03],
          [-6.5943e-02,  1.7315e-01,  1.6974e-01]],

         [[ 4.2677e-01,  2.4145e-01,  1.2769e-01],
          [ 2.5519e-01,  1.7448e-01,  4.5547e-02],
          [ 1.7601e-01,  1.2689e-01,  6.8180e-02]],

         ...,

         [[-6.8954e-02,  1.3683e-02, -1.5642e-01],
          [ 7.4705e-02,  1.6621e-02,  5.4216e-02],
          [ 1.0035e-01,  8.2070e-02,  1.1031e-01]],

         [[ 2.1645e-02, -3.6868e-01, -2.8660e-01],
          [ 1.3590e-01, -3.5013e-01, -4.8677e-01],
          [ 7.8066e-02, -1.3456e-02, -2.1605e-03]],

         [[-1.7027e-01, -4.8133e-01, -3.6768e-01],
          [ 1.8145e-01, -1.7005e-01, -1.7375e-01],
          [ 2.7252e-01,  7.0324e-03, -1.4250e-02]]],


        [[[-1.0501e-01, -3.4460e-01, -3.6401e-01],
          [-1.3945e-01, -1.8871e-01, -2.5107e-01],
          [ 2.2040e-01,  1.0685e-01,  2.4979e-02]],

         [[ 1.8836e-01, -4.4549e-03,  3.2660e-02],
          [ 2.6958e-01,  3.8874e-02,  8.4995e-02],
          [ 2.6022e-01,  1.5726e-01,  2.0365e-01]],

         [[ 8.8067e-02,  1.1603e-01,  9.8647e-02],
          [ 8.1845e-02, -5.0202e-02,  6.1606e-02],
          [ 3.1088e-02,  5.2285e-03,  3.7843e-02]],

         ...,

         [[-3.2162e-02, -6.3128e-02, -1.0569e-01],
          [-4.8643e-02,  1.0284e-01, -6.2642e-02],
          [ 6.8535e-02,  1.4123e-01, -1.1522e-01]],

         [[ 2.3341e-01,  3.9439e-01,  2.0543e-01],
          [-1.5862e-02, -8.4957e-02, -2.9165e-02],
          [ 1.9816e-01,  4.3476e-02,  6.5109e-02]],

         [[-8.6615e-02,  1.1292e-01, -6.0899e-02],
          [ 8.8333e-02, -3.8959e-02,  4.5413e-02],
          [ 5.7571e-02,  1.5211e-01,  5.5053e-02]]],


        [[[-5.8366e-02,  5.2153e-03, -7.2942e-02],
          [-3.9663e-02,  9.7901e-04, -4.6214e-02],
          [-2.6761e-03, -1.5324e-02, -8.6938e-02]],

         [[ 1.3096e-02, -1.0989e-02, -1.7284e-02],
          [ 2.3795e-02,  8.9610e-03,  8.0855e-03],
          [ 3.9291e-02, -4.7780e-02,  2.9984e-02]],

         [[-2.5385e-02, -6.4466e-02, -7.2677e-02],
          [-9.9732e-02,  1.5345e-02, -1.7068e-02],
          [ 3.0998e-02, -5.5709e-02, -7.7371e-02]],

         ...,

         [[-5.9945e-02,  1.5531e-02, -2.2452e-02],
          [-1.8614e-02, -7.0719e-02, -2.2499e-02],
          [-9.7072e-03, -4.0660e-02,  2.5991e-02]],

         [[-1.2470e-02, -1.0793e-02, -5.4144e-02],
          [-1.1210e-02, -5.5386e-02,  5.6169e-02],
          [-5.3817e-02, -2.4038e-02,  3.0603e-02]],

         [[-1.8002e-04, -3.8748e-02, -5.8050e-02],
          [-7.1998e-02,  1.5943e-03,  8.4960e-03],
          [-7.1689e-02,  1.1563e-02, -7.8660e-02]]]], device='cuda:0')
conv3.0.bias 	 tensor([ 0.4466,  0.0182, -0.2884,  0.2392,  0.1376,  0.2905,  0.0996,  0.0212,
        -0.0817,  0.2310,  0.4850, -0.0824, -0.0546,  0.2959,  0.5025, -0.2307,
        -0.0129, -0.4088,  0.5788,  0.0319, -0.1536, -0.0068,  0.5861,  0.3632,
         0.4474,  0.4897, -0.4182,  0.3223, -0.0176,  0.1813,  0.2492,  0.2948,
        -0.0689,  0.0616, -0.0938,  0.1270, -0.4584, -0.4582, -0.4266,  0.5151,
        -0.0222, -0.3396, -0.0669, -0.4139,  0.1500,  0.4607, -0.0196, -0.3805,
         0.3031,  0.0644,  0.5640, -0.1788, -0.2853,  0.1392, -0.2849,  0.4355,
         0.3224,  0.1257, -0.0114,  0.6222, -0.1484,  0.2537,  0.4974, -0.0797],
       device='cuda:0')
conv4.0.weight 	 tensor([[[[-3.2254e-01, -1.3672e-01, -3.3627e-01],
          [-2.6374e-01, -1.0443e-01, -1.6753e-01],
          [ 1.3651e-01,  5.2843e-02,  2.1056e-02]],

         [[ 1.2533e-01,  6.8083e-02,  3.9160e-01],
          [-1.8969e-01,  9.6500e-02,  1.3810e-01],
          [-3.1131e-02,  1.3254e-01,  8.5506e-02]],

         [[-2.3753e-01, -1.4169e-01, -1.1119e-01],
          [-3.5943e-01, -6.0204e-01, -5.6246e-01],
          [-1.9268e-01, -3.6683e-01, -4.6221e-01]],

         ...,

         [[-5.8229e-01, -5.6236e-01, -8.3512e-01],
          [-3.6950e-01, -8.3740e-02, -2.7157e-01],
          [ 5.0373e-02,  9.4364e-02, -1.0033e-01]],

         [[-6.3125e-03, -5.8736e-02, -9.2977e-02],
          [-9.2497e-03,  4.4384e-02, -1.4004e-01],
          [-1.5979e-01, -1.1643e-01, -2.8028e-01]],

         [[-8.1442e-03, -2.4256e-02, -4.2742e-02],
          [ 3.4297e-02,  4.6277e-02, -4.8530e-03],
          [ 3.7383e-03,  3.5701e-02,  5.6141e-02]]],


        [[[-1.4420e-01, -4.2175e-01, -2.5094e-01],
          [-3.6236e-03, -2.7779e-01, -2.3508e-01],
          [ 2.6043e-01,  8.4339e-02,  8.1979e-03]],

         [[ 2.0878e-02, -7.9957e-02, -8.0010e-02],
          [-2.6563e-03,  3.0974e-01,  7.7402e-02],
          [ 1.8782e-01,  2.9878e-01,  8.2177e-02]],

         [[-3.5857e-01, -3.5414e-01, -1.1380e-01],
          [-3.5549e-02,  8.8372e-02,  1.0042e-01],
          [ 3.4224e-02,  1.8956e-01,  4.3757e-02]],

         ...,

         [[-1.0984e-01, -1.4087e-01, -2.8241e-01],
          [ 2.2681e-01,  3.5007e-01,  1.6667e-01],
          [ 1.8096e-01,  2.8910e-01,  7.9660e-02]],

         [[-7.2439e-02, -4.4232e-01, -1.9747e-01],
          [-8.9073e-03, -2.2214e-01, -1.1325e-01],
          [-1.0075e-01, -3.1547e-01,  1.6801e-01]],

         [[-1.5141e-02, -3.6499e-02,  3.4526e-02],
          [-4.8936e-02, -1.7298e-02,  1.1575e-02],
          [-3.4761e-02,  1.3223e-02, -2.1967e-02]]],


        [[[-2.6425e-01, -2.8672e-02,  2.2134e-01],
          [ 1.3672e-01,  8.6699e-02,  3.0681e-01],
          [ 8.1956e-02,  8.6971e-02, -1.7072e-01]],

         [[-1.7712e-01,  1.1068e-02, -4.3870e-01],
          [ 8.7656e-02,  6.1630e-02, -2.1294e-01],
          [ 1.1865e-01, -2.2229e-02, -7.2389e-02]],

         [[-7.0474e-02, -2.4244e-01, -2.2125e-01],
          [ 2.1490e-01,  1.7043e-01,  6.8785e-02],
          [-1.8659e-02,  1.1507e-02, -1.8449e-01]],

         ...,

         [[-3.1271e-01, -3.0587e-01, -5.2375e-01],
          [-1.6309e-01, -4.2279e-01, -4.0565e-01],
          [-2.4981e-01, -1.3019e-01,  1.1376e-01]],

         [[-8.6506e-02, -1.5102e-01, -3.0131e-02],
          [-1.1812e-01, -1.2557e-01, -5.6989e-02],
          [ 9.4264e-02,  1.4221e-01,  6.3079e-02]],

         [[-3.2298e-02,  3.2251e-03, -6.1430e-02],
          [-7.3675e-03,  1.9095e-02, -1.2821e-02],
          [-2.9383e-02, -1.6483e-02,  7.7705e-03]]],


        ...,


        [[[ 8.0393e-04,  3.3570e-02,  3.9394e-02],
          [ 8.0816e-03,  9.7792e-03, -3.6479e-02],
          [-3.1460e-03, -1.9426e-02, -2.3424e-02]],

         [[-5.0384e-02, -2.7479e-02, -2.9410e-02],
          [-3.2825e-02, -2.2451e-02,  2.8124e-02],
          [ 3.6263e-02, -7.2755e-02, -2.5462e-02]],

         [[-4.1521e-02, -2.4943e-02,  7.5061e-03],
          [ 3.0134e-02,  2.2591e-02, -4.1838e-02],
          [-4.0757e-02, -4.6551e-02, -5.5477e-02]],

         ...,

         [[-2.9335e-02, -1.4673e-02,  2.6365e-02],
          [ 2.3991e-02, -1.5444e-02, -4.5598e-02],
          [-4.9858e-02,  2.1324e-02, -6.4283e-04]],

         [[ 1.3689e-02, -1.5869e-03, -5.8666e-02],
          [-2.5689e-02, -3.0034e-03, -1.0484e-03],
          [ 4.9900e-03,  3.5791e-04, -4.0272e-02]],

         [[-2.3324e-02,  2.7015e-02,  2.3473e-02],
          [-2.9959e-02,  5.2171e-03,  5.7552e-03],
          [-1.5715e-02,  5.9960e-03,  7.7469e-03]]],


        [[[-5.5791e-02, -3.2862e-01, -6.8384e-01],
          [-1.4956e-01, -2.2368e-01, -1.4329e-01],
          [ 1.6391e-01,  1.3885e-01,  1.5706e-01]],

         [[-2.1400e-01, -1.1718e-01, -1.8719e-01],
          [-6.6721e-01, -5.6647e-01, -3.3245e-01],
          [-3.2012e-01, -4.5306e-01, -2.6701e-03]],

         [[-2.0387e-01, -1.1052e-01, -5.2640e-02],
          [ 1.4312e-01,  1.9141e-01,  2.2050e-01],
          [ 1.3585e-01, -1.4609e-02,  2.4569e-01]],

         ...,

         [[ 1.7944e-02,  1.1992e-01, -1.0436e-01],
          [ 4.5479e-02,  1.3024e-01,  7.2767e-02],
          [-2.9848e-01,  2.2659e-01,  1.3713e-01]],

         [[-4.7890e-01, -4.0338e-01, -3.4737e-01],
          [-3.3781e-01, -3.4062e-01, -3.0958e-01],
          [-4.4207e-01,  4.4781e-03, -4.2539e-01]],

         [[ 7.1542e-03,  6.3188e-03,  3.9001e-02],
          [-1.0841e-02,  2.1403e-02,  4.3795e-02],
          [ 1.0852e-02,  2.4172e-03, -3.4419e-02]]],


        [[[ 5.5368e-02, -7.5255e-02, -1.9022e-01],
          [ 2.7627e-02, -2.0884e-01, -1.5648e-01],
          [ 2.4435e-01,  1.9735e-01,  1.7114e-01]],

         [[-1.8294e-01, -2.0929e-02, -1.9679e-01],
          [-1.1179e-01, -2.1510e-01,  2.3072e-02],
          [-1.5302e-01, -1.5416e-01, -3.4890e-01]],

         [[ 8.3444e-02,  2.9251e-02, -7.1921e-02],
          [-2.5214e-01, -1.3270e-01, -1.6450e-01],
          [-7.4194e-02, -2.8311e-02, -3.3663e-02]],

         ...,

         [[ 1.8497e-01,  3.4173e-02,  5.5290e-02],
          [-2.3002e-02, -9.4536e-02, -2.0971e-01],
          [ 6.2181e-02, -2.5035e-01, -1.0753e-01]],

         [[-3.6131e-01, -1.5507e-01, -6.4598e-02],
          [-6.1772e-02, -1.2988e-01, -3.1274e-02],
          [ 3.0287e-01,  3.2731e-02, -1.5278e-01]],

         [[ 5.9898e-02,  3.9342e-02,  2.1086e-02],
          [-2.8289e-03,  6.0877e-03,  3.7571e-02],
          [ 1.4166e-02,  2.0628e-02, -6.5880e-03]]]], device='cuda:0')
conv4.0.bias 	 tensor([ 0.2379,  0.0023, -0.3597, -0.1420, -0.0866, -0.0394,  0.0402, -0.0256,
        -0.0160,  0.3739, -0.0495, -0.0201, -0.0411, -0.1230,  0.2297,  0.0451,
        -0.0727, -0.0260,  0.0991,  0.1890, -0.0100, -0.0520, -0.0573,  0.3107,
         0.1764,  0.3489,  0.3714,  0.2315,  0.0025, -0.0225, -0.0918,  0.3232,
        -0.0710, -0.0311, -0.0591, -0.0562,  0.0483, -0.1316,  0.2306,  0.4023,
         0.0523, -0.0592,  0.3292, -0.0519, -0.1979, -0.0177, -0.0395,  0.1695,
        -0.0344, -0.1358, -0.0173, -0.0920,  0.0890,  0.1284, -0.0702,  0.0447,
        -0.0757,  0.0199, -0.0188, -0.0773,  0.2209,  0.3524,  0.2138, -0.0555,
        -0.0727,  0.2094,  0.0451, -0.1575,  0.0863,  0.4118,  0.1305,  0.2162,
         0.0968,  0.0402, -0.0612, -0.0041,  0.4233,  0.2667,  0.0943,  0.0633,
         0.3865,  0.0562, -0.0521, -0.0735,  0.0021, -0.0315,  0.2281,  0.1002,
        -0.2327, -0.2210,  0.0456,  0.2308, -0.0648, -0.0574, -0.0593,  0.2089,
         0.3149,  0.1925, -0.0250,  0.0526,  0.2720,  0.0950, -0.1743, -0.0552,
         0.1127,  0.3290,  0.2470, -0.0294,  0.0229,  0.1215, -0.1165, -0.1653,
         0.1034,  0.1690,  0.4971, -0.0007,  0.1697,  0.1149,  0.0592,  0.0151,
        -0.2667,  0.0114, -0.0624, -0.1523, -0.2297, -0.0629,  0.4061, -0.0625],
       device='cuda:0')
conv5.0.weight 	 tensor([[[[-5.1388e-02, -3.2029e-02, -2.6076e-02],
          [-2.9815e-02, -4.5251e-02, -9.5315e-03],
          [-2.5272e-02, -1.7635e-03,  1.6707e-02]],

         [[-3.2546e-02, -1.8519e-02, -3.3853e-02],
          [ 8.3983e-03,  8.4008e-03, -5.4422e-02],
          [-1.7668e-02, -2.1614e-02, -1.0973e-02]],

         [[-8.5645e-02, -5.9280e-02, -5.5494e-02],
          [-1.8285e-02, -2.6526e-02, -3.4834e-02],
          [-6.2749e-02, -4.8213e-02, -9.1088e-03]],

         ...,

         [[-2.0168e-02,  2.1036e-02, -2.2849e-02],
          [ 2.3097e-02,  1.7622e-02, -1.9180e-02],
          [ 1.9711e-02,  2.3163e-02, -3.5224e-03]],

         [[-3.2067e-02, -3.6990e-02, -1.2240e-02],
          [-2.7705e-02, -6.1372e-02, -1.9611e-02],
          [-2.4872e-02, -4.5906e-02, -1.3111e-02]],

         [[-5.9560e-02, -8.7708e-02, -3.8870e-02],
          [-5.0775e-02, -6.2321e-02, -6.3480e-02],
          [-7.7572e-02, -6.2583e-02, -1.7482e-02]]],


        [[[ 1.1455e-01,  1.2493e-01, -5.0202e-02],
          [ 1.3470e-01, -2.3256e-01,  1.6606e-01],
          [ 1.2648e-01, -1.7623e-03, -1.5485e-01]],

         [[ 4.4329e-02, -4.8098e-02,  2.5949e-02],
          [-1.7498e-01, -7.8733e-02,  1.4253e-01],
          [ 2.8717e-02,  9.5909e-02,  1.8326e-01]],

         [[ 7.8448e-02,  6.3755e-02,  2.6048e-01],
          [ 1.3174e-01, -9.4164e-02, -2.2238e-01],
          [-7.8432e-03,  8.6603e-03, -5.5680e-02]],

         ...,

         [[ 1.7652e-02,  2.3706e-03, -7.3243e-03],
          [-1.0614e-02,  2.5732e-02,  1.5702e-02],
          [ 1.7672e-02,  2.1843e-02, -2.9728e-03]],

         [[-8.3013e-02,  3.2164e-03, -1.1059e-01],
          [ 1.6770e-02,  2.2134e-01,  1.0667e-01],
          [-2.9041e-01,  5.8921e-02,  2.8077e-01]],

         [[-2.4970e-01, -3.1831e-01,  1.5454e-01],
          [ 4.4327e-02, -5.6667e-05,  8.7709e-02],
          [-2.0956e-01, -1.2884e-01, -7.8625e-02]]],


        [[[ 1.5296e-01,  1.3076e-01, -2.4790e-01],
          [ 2.7960e-01,  2.4075e-01, -2.7206e-02],
          [-1.4512e-01, -1.4267e-01,  1.0990e-01]],

         [[-2.0131e-01, -1.0525e-01, -3.0601e-01],
          [ 2.0427e-01,  6.4424e-02, -8.6741e-02],
          [-1.0944e-01, -1.3838e-01, -1.2427e-01]],

         [[ 2.7193e-01,  3.1719e-02, -4.6659e-02],
          [ 3.9895e-02, -1.5929e-01, -6.8197e-02],
          [ 1.3343e-01,  1.9310e-02, -1.1874e-01]],

         ...,

         [[ 2.0266e-02, -1.3611e-02,  1.4091e-02],
          [-2.6935e-02,  1.5294e-02, -9.5561e-03],
          [ 1.7442e-02, -2.5043e-02,  3.0014e-03]],

         [[-8.7390e-02,  2.3662e-01,  1.6706e-01],
          [-1.2493e-01,  6.8151e-02, -8.9463e-02],
          [-7.2452e-02,  4.2632e-02, -5.9639e-02]],

         [[-3.1931e-01, -6.0581e-01, -1.7699e-01],
          [-1.8054e-01, -7.0043e-02,  8.4813e-02],
          [-4.2568e-01,  9.3442e-02,  1.1821e-01]]],


        ...,


        [[[-5.0795e-02, -1.6106e-02, -1.1932e-02],
          [-1.6334e-02, -2.2908e-02, -1.1868e-02],
          [-2.8095e-02, -3.4890e-03, -2.2593e-02]],

         [[-6.2052e-02, -3.3624e-02, -8.7773e-03],
          [-2.9927e-02,  9.0519e-04, -1.7006e-02],
          [-5.8476e-02, -2.4021e-02, -5.6124e-02]],

         [[ 1.8166e-02, -4.7447e-04, -3.1899e-02],
          [ 1.4969e-02, -3.1329e-02, -3.9759e-02],
          [-7.9565e-03, -1.1788e-02, -3.5362e-02]],

         ...,

         [[-2.4210e-02, -2.9255e-02,  2.2690e-02],
          [ 2.3080e-03, -3.0817e-02,  1.8355e-02],
          [ 7.7163e-04, -2.2545e-02,  5.6665e-03]],

         [[-2.1924e-02,  5.7492e-03,  8.3575e-03],
          [ 3.5070e-03, -2.2280e-02, -4.4045e-02],
          [ 2.1081e-03, -1.4131e-03, -3.5986e-03]],

         [[-1.0544e-02, -2.5796e-02, -2.2744e-02],
          [-4.3323e-02,  2.2500e-02, -1.5699e-02],
          [ 2.6256e-02, -2.0608e-02,  1.5336e-02]]],


        [[[-4.0187e-01, -2.4857e-01, -1.0010e-01],
          [-8.8054e-02,  3.9175e-01, -1.0972e-01],
          [-2.6882e-02, -7.2038e-02,  7.9350e-02]],

         [[-7.5622e-02, -6.5731e-02,  1.0213e-01],
          [-1.8433e-01, -1.9524e-01,  1.0714e-01],
          [-4.2593e-01, -1.6509e-01,  1.2627e-01]],

         [[-8.5984e-02,  1.3400e-01,  1.3509e-01],
          [-1.0104e-01, -1.1683e-02,  1.4398e-01],
          [-1.7718e-02,  5.2210e-02,  5.2748e-02]],

         ...,

         [[-8.6365e-02, -5.1883e-02, -3.2656e-03],
          [-2.1192e-02,  2.7548e-02,  2.1755e-02],
          [-8.2535e-03, -6.3191e-02, -1.2731e-02]],

         [[ 7.9296e-02, -4.1937e-02,  5.7177e-03],
          [-1.1090e-01, -1.2644e-01, -3.2990e-01],
          [-4.8155e-01, -1.3456e-01,  4.5599e-02]],

         [[ 5.3522e-02, -9.7455e-02, -3.4621e-01],
          [ 8.2770e-02,  5.3281e-02, -5.8933e-01],
          [ 2.6904e-01, -6.0044e-02, -2.0507e-01]]],


        [[[-4.4260e-01, -1.7237e-01,  2.1478e-01],
          [-3.0116e-02, -9.3200e-02,  1.1386e-01],
          [ 2.3218e-01,  6.0281e-03, -9.9278e-02]],

         [[ 1.6269e-01, -9.6584e-03,  5.3381e-02],
          [-4.4284e-01, -1.4301e-01, -3.2190e-01],
          [-8.7314e-02,  4.1512e-01, -3.1526e-02]],

         [[ 1.4709e-01, -2.1532e-01, -2.8592e-01],
          [-2.0916e-01, -1.3310e-01, -4.0891e-02],
          [-2.3526e-02,  3.1120e-01,  2.3991e-01]],

         ...,

         [[ 2.2908e-02,  1.4263e-02, -2.4024e-02],
          [ 4.0100e-02,  4.3397e-02,  1.5637e-02],
          [-1.4146e-04,  1.7855e-02,  1.6210e-02]],

         [[-2.5629e-01,  1.1791e-01, -1.1831e-01],
          [-1.0598e-01,  2.9316e-02,  8.9917e-04],
          [-1.0485e-01, -4.0730e-01, -1.3333e-01]],

         [[ 2.1730e-01,  1.7684e-01,  1.2601e-01],
          [-2.4913e-01, -3.2517e-01, -1.7913e-01],
          [ 6.0634e-02, -8.0175e-02,  7.5558e-03]]]], device='cuda:0')
conv5.0.bias 	 tensor([-4.2590e-02, -6.6328e-02,  1.8452e-01, -7.7564e-02, -1.8144e-01,
        -2.9325e-02, -2.0318e-01, -6.2854e-02, -1.0652e-01, -6.4774e-02,
        -1.9389e-01,  8.7687e-04, -2.1311e-01, -5.3134e-02,  6.9446e-02,
        -1.0259e-01, -9.1628e-02, -4.4787e-02, -5.1906e-02,  1.8534e-01,
        -1.0746e-01, -2.6973e-02, -2.0687e-01,  1.9871e-01, -1.9073e-01,
        -2.7663e-02, -4.5224e-02,  1.1978e-01, -5.1323e-02, -2.8660e-03,
        -1.2972e-01, -3.7984e-02,  5.8517e-02,  1.1310e-03, -4.4608e-02,
        -3.4478e-01, -4.1809e-02,  6.4658e-02, -5.6918e-02,  5.1685e-02,
        -3.1362e-02,  1.7388e-01, -8.0693e-02, -3.1930e-02, -1.2283e-01,
        -2.5575e-02, -4.7889e-02, -1.3509e-01,  9.0438e-02, -1.2846e-01,
        -1.7042e-01,  2.8744e-02,  1.0662e-01, -5.8559e-02,  1.8089e-01,
        -3.6202e-02,  5.7696e-02, -1.4395e-01, -1.3939e-01, -5.7626e-02,
        -3.4953e-01, -2.0111e-01,  1.4518e-01, -2.9869e-02, -3.5937e-02,
        -1.2151e-01, -2.2198e-01,  9.8070e-02, -3.9678e-02, -2.2358e-01,
         1.3268e-01, -9.4976e-02, -1.8185e-02,  2.1353e-01,  1.5694e-01,
        -6.1922e-02,  9.4646e-03, -5.2452e-02, -8.6402e-04,  4.4914e-05,
         1.1823e-01, -1.8571e-02, -7.0003e-03,  3.9774e-02, -7.3748e-02,
        -2.4982e-01, -2.0850e-01, -1.2356e-01, -1.3858e-01,  1.7837e-01,
         5.4508e-02, -1.7872e-01, -6.9453e-04, -6.6337e-02,  1.1638e-01,
        -2.6140e-02, -9.9915e-02, -1.3578e-01,  2.6761e-02, -3.8912e-02,
        -2.0239e-02, -1.3704e-01,  1.5494e-01,  3.5510e-02, -3.0593e-02,
        -1.2009e-01, -1.6905e-01, -1.9491e-01,  9.3927e-02,  1.2283e-01,
        -2.5379e-01, -2.2397e-01, -2.8078e-02, -8.2480e-02, -4.4846e-03,
        -4.1180e-02,  6.3596e-03, -1.7044e-01, -2.3437e-02,  2.6935e-01,
        -3.9111e-01,  1.5759e-01, -5.0390e-02, -1.1917e-01, -3.4803e-02,
        -2.2425e-01,  4.7388e-02,  1.4056e-02,  2.8254e-01,  1.5076e-01,
        -5.4574e-03,  2.0528e-01, -8.3768e-02,  5.7311e-02,  4.6716e-02,
         6.4840e-02, -6.2180e-02, -4.0814e-02,  1.3650e-01,  2.0918e-01,
        -2.8420e-02, -2.5757e-02, -2.8721e-02, -1.9499e-01, -3.0769e-02,
         1.2223e-01, -8.7503e-02,  2.0921e-01, -1.5786e-01,  2.9758e-01,
         7.0340e-02, -5.5799e-02,  1.7026e-01, -2.6212e-02, -2.7567e-02,
        -1.8415e-01,  1.0560e-01,  1.0658e-02, -1.5669e-02, -2.1710e-01,
        -4.5655e-02,  8.6684e-02, -4.5267e-02, -2.9575e-01, -1.8797e-01,
        -4.3028e-02, -3.9195e-02, -6.3626e-02,  1.7565e-01,  1.2263e-02,
        -7.9444e-02, -7.3607e-02,  5.1937e-02,  5.4870e-02, -3.3283e-02,
        -1.7514e-02, -3.0580e-02, -1.3034e-02,  1.6994e-01,  3.0869e-01,
        -3.7519e-02, -2.6712e-01,  5.9292e-03, -1.9045e-01, -3.0357e-02,
        -1.3828e-01, -1.0115e-01, -1.3940e-01, -1.9622e-01,  7.0336e-02,
        -7.0436e-02,  5.7715e-02,  3.9864e-02, -5.1741e-02,  2.6030e-03,
        -3.9703e-02, -4.9733e-02,  3.7514e-02, -1.0693e-01, -3.1780e-01,
        -2.9222e-01, -5.3795e-02, -1.5467e-02, -1.2339e-01,  1.0186e-01,
        -4.7519e-02,  1.4951e-01, -2.2085e-02,  5.0781e-03, -1.5499e-01,
        -1.0877e-01, -1.5573e-01,  2.8524e-02, -3.3413e-02, -1.3433e-01,
        -3.7223e-02, -4.3750e-02, -2.1010e-01, -4.3547e-02, -2.1679e-01,
        -3.1650e-02, -5.6509e-02,  6.8063e-03, -1.2475e-01, -1.9545e-01,
        -4.6082e-02,  2.6144e-02, -8.0921e-03, -2.1022e-01,  6.0452e-03,
         2.4226e-01, -6.6339e-02,  2.7279e-02, -2.9492e-01,  2.1392e-01,
        -2.1198e-02, -1.4224e-01, -4.8899e-02, -1.7210e-01, -3.4731e-02,
        -1.0398e-01, -2.7057e-02, -9.0782e-02,  4.2911e-01,  2.3442e-01,
        -1.9836e-01,  1.2347e-02, -8.6793e-02, -6.8407e-02, -4.2992e-02,
        -2.5444e-01,  1.8298e-01, -9.7051e-02, -5.4090e-02, -6.3975e-02,
         3.4392e-02], device='cuda:0')
fc.weight 	 tensor([[-0.0100,  0.0673, -0.4515,  ..., -0.0173, -0.0143,  0.2768],
        [-0.0021,  0.0186,  0.2195,  ..., -0.0554,  0.0859, -0.3546],
        [-0.0109, -0.3141,  0.1021,  ...,  0.0137, -0.1814, -0.2365],
        ...,
        [-0.0661,  0.5999, -0.2799,  ...,  0.0134, -0.2571, -0.3492],
        [-0.0081, -0.0265,  0.1900,  ..., -0.0460,  0.1902, -0.2353],
        [ 0.0433, -0.0805,  0.1880,  ..., -0.0513,  0.0692, -0.0022]],
       device='cuda:0')
fc.bias 	 tensor([-0.1073, -0.3381, -0.0671,  0.1271,  0.2968, -0.1209,  0.1583, -0.2082,
         0.0266, -0.1062], device='cuda:0')
------ Test Start -----
Accuracy of the network is: 80.4000 %
